TN:
SF:src\modules\accounts\useCases\authenticateUser\AuthenticateUserController.ts
FN:6,AuthenticateUserController
FN:7,Object.<anonymous>.AuthenticateUserController.handle
FNF:2
FNH:1
FNDA:1,AuthenticateUserController
FNDA:0,Object.<anonymous>.AuthenticateUserController.handle
DA:1,1
DA:2,1
DA:3,1
DA:4,1
DA:5,1
DA:6,1
DA:7,1
DA:8,0
DA:9,0
DA:10,0
DA:11,0
DA:12,0
DA:13,0
DA:14,0
DA:15,0
DA:16,1
DA:17,1
DA:18,1
LF:18
LH:10
BRDA:6,0,0,1
BRDA:6,1,0,1
BRF:2
BRH:2
end_of_record
TN:
SF:src\modules\accounts\useCases\authenticateUser\AuthenticateUserUseCase.ts
FN:21,AuthenticateUserUseCase
FN:26,Object.<anonymous>.AuthenticateUserUseCase.execute
FNF:2
FNH:0
FNDA:0,AuthenticateUserUseCase
FNDA:0,Object.<anonymous>.AuthenticateUserUseCase.execute
DA:1,1
DA:2,1
DA:3,1
DA:4,1
DA:5,1
DA:6,1
DA:7,1
DA:8,1
DA:9,1
DA:10,1
DA:11,1
DA:12,1
DA:13,1
DA:14,1
DA:15,1
DA:16,1
DA:17,1
DA:18,1
DA:19,1
DA:20,1
DA:21,1
DA:22,0
DA:23,0
DA:24,0
DA:25,1
DA:26,1
DA:27,0
DA:28,0
DA:29,0
DA:30,0
DA:31,0
DA:32,0
DA:33,0
DA:34,0
DA:35,0
DA:36,0
DA:37,0
DA:38,0
DA:39,0
DA:40,0
DA:41,0
DA:42,0
DA:43,0
DA:44,0
DA:45,0
DA:46,0
DA:47,0
DA:48,0
DA:49,0
DA:50,1
DA:51,1
DA:52,1
LF:52
LH:26
BRDA:20,0,0,1
BRF:1
BRH:1
end_of_record
TN:
SF:src\modules\accounts\useCases\createUser\CreateUserController.ts
FN:6,CreateUserController
FN:7,Object.<anonymous>.CreateUserController.handle
FNF:2
FNH:1
FNDA:1,CreateUserController
FNDA:0,Object.<anonymous>.CreateUserController.handle
DA:1,1
DA:2,1
DA:3,1
DA:4,1
DA:5,1
DA:6,1
DA:7,1
DA:8,0
DA:9,0
DA:10,0
DA:11,0
DA:12,0
DA:13,0
DA:14,0
DA:15,0
DA:16,0
DA:17,0
DA:18,1
DA:19,1
DA:20,1
LF:20
LH:10
BRDA:6,0,0,1
BRDA:6,1,0,1
BRF:2
BRH:2
end_of_record
TN:
SF:src\modules\accounts\useCases\createUser\CreateUserUseCase.ts
FN:10,CreateUserUseCase
FN:14,Object.<anonymous>.CreateUserUseCase.execute
FNF:2
FNH:0
FNDA:0,CreateUserUseCase
FNDA:0,Object.<anonymous>.CreateUserUseCase.execute
DA:1,1
DA:2,1
DA:3,1
DA:4,1
DA:5,1
DA:6,1
DA:7,1
DA:8,1
DA:9,1
DA:10,1
DA:11,0
DA:12,0
DA:13,0
DA:14,1
DA:15,0
DA:16,0
DA:17,0
DA:18,0
DA:19,0
DA:20,0
DA:21,0
DA:22,0
DA:23,0
DA:24,0
DA:25,0
DA:26,0
DA:27,0
DA:28,0
DA:29,0
DA:30,0
DA:31,0
DA:32,1
DA:33,1
LF:33
LH:13
BRDA:9,0,0,1
BRF:1
BRH:1
end_of_record
TN:
SF:src\modules\accounts\useCases\updateUserAvatar\UpdateUserAvatarController.ts
FN:6,UpdateUserAvatarController
FN:7,Object.<anonymous>.UpdateUserAvatarController.handle
FNF:2
FNH:1
FNDA:1,UpdateUserAvatarController
FNDA:0,Object.<anonymous>.UpdateUserAvatarController.handle
DA:1,1
DA:2,1
DA:3,1
DA:4,1
DA:5,1
DA:6,1
DA:7,1
DA:8,0
DA:9,0
DA:10,0
DA:11,0
DA:12,0
DA:13,0
DA:14,0
DA:15,0
DA:16,0
DA:17,0
DA:18,0
DA:19,1
DA:20,1
DA:21,1
LF:21
LH:10
BRDA:6,0,0,1
BRDA:6,1,0,1
BRF:2
BRH:2
end_of_record
TN:
SF:src\modules\accounts\useCases\updateUserAvatar\UpdateUserAvatarUseCase.ts
FN:13,UpdateUserAvatarUseCase
FN:18,Object.<anonymous>.UpdateUserAvatarUseCase.execute
FNF:2
FNH:0
FNDA:0,UpdateUserAvatarUseCase
FNDA:0,Object.<anonymous>.UpdateUserAvatarUseCase.execute
DA:1,1
DA:2,1
DA:3,1
DA:4,1
DA:5,1
DA:6,1
DA:7,1
DA:8,1
DA:9,1
DA:10,1
DA:11,1
DA:12,1
DA:13,1
DA:14,0
DA:15,0
DA:16,0
DA:17,1
DA:18,1
DA:19,0
DA:20,0
DA:21,0
DA:22,0
DA:23,0
DA:24,0
DA:25,0
DA:26,0
DA:27,0
DA:28,1
DA:29,1
DA:30,1
LF:30
LH:18
BRDA:12,0,0,1
BRF:1
BRH:1
end_of_record
TN:
SF:src\modules\cars\useCases\createCar\CreateCarController.ts
FN:6,CreateCarController
FN:7,Object.<anonymous>.CreateCarController.handle
FNF:2
FNH:1
FNDA:1,CreateCarController
FNDA:0,Object.<anonymous>.CreateCarController.handle
DA:1,1
DA:2,1
DA:3,1
DA:4,1
DA:5,1
DA:6,1
DA:7,1
DA:8,0
DA:9,0
DA:10,0
DA:11,0
DA:12,0
DA:13,0
DA:14,0
DA:15,0
DA:16,0
DA:17,0
DA:18,0
DA:19,0
DA:20,0
DA:21,0
DA:22,0
DA:23,0
DA:24,0
DA:25,0
DA:26,0
DA:27,0
DA:28,0
DA:29,1
DA:30,1
LF:30
LH:9
BRDA:6,0,0,1
BRDA:6,1,0,1
BRF:2
BRH:2
end_of_record
TN:
SF:src\modules\cars\useCases\createCar\CreateCarUseCase.ts
FN:19,CreateCarUseCase
FN:24,Object.<anonymous>.CreateCarUseCase.execute
FNF:2
FNH:0
FNDA:0,CreateCarUseCase
FNDA:0,Object.<anonymous>.CreateCarUseCase.execute
DA:1,1
DA:2,1
DA:3,1
DA:4,1
DA:5,1
DA:6,1
DA:7,1
DA:8,1
DA:9,1
DA:10,1
DA:11,1
DA:12,1
DA:13,1
DA:14,1
DA:15,1
DA:16,1
DA:17,1
DA:18,1
DA:19,1
DA:20,0
DA:21,0
DA:22,0
DA:23,1
DA:24,1
DA:25,0
DA:26,0
DA:27,0
DA:28,0
DA:29,0
DA:30,0
DA:31,0
DA:32,0
DA:33,0
DA:34,0
DA:35,0
DA:36,0
DA:37,0
DA:38,0
DA:39,0
DA:40,0
DA:41,0
DA:42,0
DA:43,0
DA:44,0
DA:45,0
DA:46,0
DA:47,0
DA:48,0
DA:49,0
DA:50,0
DA:51,1
DA:52,1
DA:53,1
LF:53
LH:24
BRDA:18,0,0,1
BRF:1
BRH:1
end_of_record
TN:
SF:src\modules\cars\useCases\createCarSpecification\CreateCarSpecificationController.ts
FN:6,CreateCarSpecificationController
FN:7,Object.<anonymous>.CreateCarSpecificationController.handle
FNF:2
FNH:1
FNDA:1,CreateCarSpecificationController
FNDA:0,Object.<anonymous>.CreateCarSpecificationController.handle
DA:1,1
DA:2,1
DA:3,1
DA:4,1
DA:5,1
DA:6,1
DA:7,1
DA:8,0
DA:9,0
DA:10,0
DA:11,0
DA:12,0
DA:13,0
DA:14,0
DA:15,0
DA:16,0
DA:17,0
DA:18,0
DA:19,1
DA:20,1
LF:20
LH:9
BRDA:6,0,0,1
BRDA:6,1,0,1
BRF:2
BRH:2
end_of_record
TN:
SF:src\modules\cars\useCases\createCarSpecification\CreateCarSpecificationUseCase.ts
FN:14,CreateCarSpecificatonUseCase
FN:21,Object.<anonymous>.CreateCarSpecificatonUseCase.execute
FNF:2
FNH:0
FNDA:0,CreateCarSpecificatonUseCase
FNDA:0,Object.<anonymous>.CreateCarSpecificatonUseCase.execute
DA:1,1
DA:2,1
DA:3,1
DA:4,1
DA:5,1
DA:6,1
DA:7,1
DA:8,1
DA:9,1
DA:10,1
DA:11,1
DA:12,1
DA:13,1
DA:14,1
DA:15,0
DA:16,0
DA:17,0
DA:18,0
DA:19,0
DA:20,1
DA:21,1
DA:22,0
DA:23,0
DA:24,0
DA:25,0
DA:26,0
DA:27,0
DA:28,0
DA:29,0
DA:30,0
DA:31,0
DA:32,0
DA:33,0
DA:34,0
DA:35,0
DA:36,0
DA:37,1
DA:38,1
DA:39,1
LF:39
LH:19
BRDA:13,0,0,1
BRF:1
BRH:1
end_of_record
TN:
SF:src\modules\cars\useCases\createCategory\CreateCategoryUseCase.ts
FN:13,CreateCategoryUseCase
FN:17,Object.<anonymous>.CreateCategoryUseCase.execute
FNF:2
FNH:0
FNDA:0,CreateCategoryUseCase
FNDA:0,Object.<anonymous>.CreateCategoryUseCase.execute
DA:1,1
DA:2,1
DA:3,1
DA:4,1
DA:5,1
DA:6,1
DA:7,1
DA:8,1
DA:9,1
DA:10,1
DA:11,1
DA:12,1
DA:13,1
DA:14,0
DA:15,0
DA:16,0
DA:17,1
DA:18,0
DA:19,0
DA:20,0
DA:21,0
DA:22,0
DA:23,0
DA:24,0
DA:25,0
DA:26,0
DA:27,1
DA:28,1
LF:28
LH:16
BRDA:12,0,0,1
BRF:1
BRH:1
end_of_record
TN:
SF:src\modules\cars\useCases\createCategory\createCategoryController.ts
FN:6,CreateCategoryController
FN:7,Object.<anonymous>.CreateCategoryController.handle
FNF:2
FNH:1
FNDA:1,CreateCategoryController
FNDA:0,Object.<anonymous>.CreateCategoryController.handle
DA:1,1
DA:2,1
DA:3,1
DA:4,1
DA:5,1
DA:6,1
DA:7,1
DA:8,0
DA:9,0
DA:10,0
DA:11,0
DA:12,0
DA:13,0
DA:14,0
DA:15,1
DA:16,1
LF:16
LH:9
BRDA:6,0,0,1
BRDA:6,1,0,1
BRF:2
BRH:2
end_of_record
TN:
SF:src\modules\cars\useCases\createSpecification\CreateSpecificationController.ts
FN:6,CreateSpecificationController
FN:7,Object.<anonymous>.CreateSpecificationController.handle
FNF:2
FNH:1
FNDA:1,CreateSpecificationController
FNDA:0,Object.<anonymous>.CreateSpecificationController.handle
DA:1,1
DA:2,1
DA:3,1
DA:4,1
DA:5,1
DA:6,1
DA:7,1
DA:8,0
DA:9,0
DA:10,0
DA:11,0
DA:12,0
DA:13,0
DA:14,0
DA:15,0
DA:16,0
DA:17,1
DA:18,1
LF:18
LH:9
BRDA:6,0,0,1
BRDA:6,1,0,1
BRF:2
BRH:2
end_of_record
TN:
SF:src\modules\cars\useCases\createSpecification\CreateSpecificationUseCase.ts
FN:12,CreateSpecificationUseCase
FN:16,Object.<anonymous>.CreateSpecificationUseCase.execute
FNF:2
FNH:0
FNDA:0,CreateSpecificationUseCase
FNDA:0,Object.<anonymous>.CreateSpecificationUseCase.execute
DA:1,1
DA:2,1
DA:3,1
DA:4,1
DA:5,1
DA:6,1
DA:7,1
DA:8,1
DA:9,1
DA:10,1
DA:11,1
DA:12,1
DA:13,0
DA:14,0
DA:15,0
DA:16,1
DA:17,0
DA:18,0
DA:19,0
DA:20,0
DA:21,0
DA:22,0
DA:23,0
DA:24,0
DA:25,0
DA:26,0
DA:27,0
DA:28,0
DA:29,1
DA:30,1
LF:30
LH:15
BRDA:11,0,0,1
BRF:1
BRH:1
end_of_record
TN:
SF:src\modules\cars\useCases\importCategory\ImportCategoryController.ts
FN:6,ImportCategoryController
FN:7,Object.<anonymous>.ImportCategoryController.handle
FNF:2
FNH:1
FNDA:1,ImportCategoryController
FNDA:0,Object.<anonymous>.ImportCategoryController.handle
DA:1,1
DA:2,1
DA:3,1
DA:4,1
DA:5,1
DA:6,1
DA:7,1
DA:8,0
DA:9,0
DA:10,0
DA:11,0
DA:12,0
DA:13,0
DA:14,0
DA:15,1
DA:16,1
DA:17,1
LF:17
LH:10
BRDA:6,0,0,1
BRDA:6,1,0,1
BRF:2
BRH:2
end_of_record
TN:
SF:src\modules\cars\useCases\importCategory\ImportCategoryUseCase.ts
FN:14,ImportCategoryUseCase
FN:19,Object.<anonymous>.ImportCategoryUseCase.loadCategories
FN:43,Object.<anonymous>.ImportCategoryUseCase.execute
FNF:3
FNH:0
FNDA:0,ImportCategoryUseCase
FNDA:0,Object.<anonymous>.ImportCategoryUseCase.loadCategories
FNDA:0,Object.<anonymous>.ImportCategoryUseCase.execute
DA:1,1
DA:2,1
DA:3,1
DA:4,1
DA:5,1
DA:6,1
DA:7,1
DA:8,1
DA:9,1
DA:10,1
DA:11,1
DA:12,1
DA:13,1
DA:14,1
DA:15,0
DA:16,0
DA:17,0
DA:18,1
DA:19,1
DA:20,0
DA:21,0
DA:22,0
DA:23,0
DA:24,0
DA:25,0
DA:26,0
DA:27,0
DA:28,0
DA:29,0
DA:30,0
DA:31,0
DA:32,0
DA:33,0
DA:34,0
DA:35,0
DA:36,0
DA:37,0
DA:38,0
DA:39,0
DA:40,0
DA:41,0
DA:42,1
DA:43,1
DA:44,0
DA:45,0
DA:46,0
DA:47,0
DA:48,0
DA:49,0
DA:50,0
DA:51,0
DA:52,0
DA:53,0
DA:54,0
DA:55,0
DA:56,1
DA:57,1
DA:58,1
LF:58
LH:21
BRDA:13,0,0,1
BRF:1
BRH:1
end_of_record
TN:
SF:src\modules\cars\useCases\listAvailableCars\ListAvailableCarsController.ts
FN:6,ListAvailableCarsController
FN:7,Object.<anonymous>.ListAvailableCarsController.handle
FNF:2
FNH:1
FNDA:1,ListAvailableCarsController
FNDA:0,Object.<anonymous>.ListAvailableCarsController.handle
DA:1,1
DA:2,1
DA:3,1
DA:4,1
DA:5,1
DA:6,1
DA:7,1
DA:8,0
DA:9,0
DA:10,0
DA:11,0
DA:12,0
DA:13,0
DA:14,0
DA:15,0
DA:16,0
DA:17,0
DA:18,0
DA:19,0
DA:20,0
DA:21,1
DA:22,1
DA:23,1
LF:23
LH:10
BRDA:6,0,0,1
BRDA:6,1,0,1
BRF:2
BRH:2
end_of_record
TN:
SF:src\modules\cars\useCases\listAvailableCars\ListAvailableCarsUseCase.ts
FN:13,ListAvailableCarsUseCase
FN:17,Object.<anonymous>.ListAvailableCarsUseCase.execute
FNF:2
FNH:0
FNDA:0,ListAvailableCarsUseCase
FNDA:0,Object.<anonymous>.ListAvailableCarsUseCase.execute
DA:1,1
DA:2,1
DA:3,1
DA:4,1
DA:5,1
DA:6,1
DA:7,1
DA:8,1
DA:9,1
DA:10,1
DA:11,1
DA:12,1
DA:13,1
DA:14,0
DA:15,0
DA:16,0
DA:17,1
DA:18,0
DA:19,0
DA:20,0
DA:21,0
DA:22,0
DA:23,0
DA:24,0
DA:25,1
DA:26,1
DA:27,1
LF:27
LH:17
BRDA:12,0,0,1
BRF:1
BRH:1
end_of_record
TN:
SF:src\modules\cars\useCases\listCategories\ListCategoriesController.ts
FN:6,ListCategoriesController
FN:7,Object.<anonymous>.ListCategoriesController.handle
FNF:2
FNH:1
FNDA:1,ListCategoriesController
FNDA:0,Object.<anonymous>.ListCategoriesController.handle
DA:1,1
DA:2,1
DA:3,1
DA:4,1
DA:5,1
DA:6,1
DA:7,1
DA:8,0
DA:9,0
DA:10,0
DA:11,0
DA:12,1
DA:13,1
LF:13
LH:9
BRDA:6,0,0,1
BRDA:6,1,0,1
BRF:2
BRH:2
end_of_record
TN:
SF:src\modules\cars\useCases\listCategories\ListCategoriesUseCase.ts
FN:8,ListCategoriesUseCase
FN:12,Object.<anonymous>.ListCategoriesUseCase.execute
FNF:2
FNH:0
FNDA:0,ListCategoriesUseCase
FNDA:0,Object.<anonymous>.ListCategoriesUseCase.execute
DA:1,1
DA:2,1
DA:3,1
DA:4,1
DA:5,1
DA:6,1
DA:7,1
DA:8,1
DA:9,0
DA:10,0
DA:11,0
DA:12,1
DA:13,0
DA:14,0
DA:15,0
DA:16,1
DA:17,1
DA:18,1
LF:18
LH:12
BRDA:7,0,0,1
BRF:1
BRH:1
end_of_record
TN:
SF:src\modules\cars\useCases\listSpecification\ListSpecificationController.ts
FN:6,ListSpecificationController
FN:7,Object.<anonymous>.ListSpecificationController.handle
FNF:2
FNH:1
FNDA:1,ListSpecificationController
FNDA:0,Object.<anonymous>.ListSpecificationController.handle
DA:1,1
DA:2,1
DA:3,1
DA:4,1
DA:5,1
DA:6,1
DA:7,1
DA:8,0
DA:9,0
DA:10,0
DA:11,0
DA:12,0
DA:13,0
DA:14,1
DA:15,1
LF:15
LH:9
BRDA:6,0,0,1
BRDA:6,1,0,1
BRF:2
BRH:2
end_of_record
TN:
SF:src\modules\cars\useCases\listSpecification\ListSpecificationUseCase.ts
FN:8,ListSpecificationUseCase
FN:12,Object.<anonymous>.ListSpecificationUseCase.execute
FNF:2
FNH:0
FNDA:0,ListSpecificationUseCase
FNDA:0,Object.<anonymous>.ListSpecificationUseCase.execute
DA:1,1
DA:2,1
DA:3,1
DA:4,1
DA:5,1
DA:6,1
DA:7,1
DA:8,1
DA:9,0
DA:10,0
DA:11,0
DA:12,1
DA:13,0
DA:14,0
DA:15,0
DA:16,1
DA:17,1
DA:18,1
LF:18
LH:12
BRDA:7,0,0,1
BRF:1
BRH:1
end_of_record
TN:
SF:src\modules\cars\useCases\uploadCarImage\UploadCarImageController.ts
FN:10,UploadCarImageController
FN:11,Object.<anonymous>.UploadCarImageController.handle
FNF:2
FNH:1
FNDA:1,UploadCarImageController
FNDA:0,Object.<anonymous>.UploadCarImageController.handle
DA:1,1
DA:2,1
DA:3,1
DA:4,1
DA:5,1
DA:6,1
DA:7,1
DA:8,1
DA:9,1
DA:10,1
DA:11,1
DA:12,0
DA:13,0
DA:14,0
DA:15,0
DA:16,0
DA:17,0
DA:18,0
DA:19,0
DA:20,0
DA:21,0
DA:22,0
DA:23,1
DA:24,1
LF:24
LH:13
BRDA:10,0,0,1
BRDA:10,1,0,1
BRF:2
BRH:2
end_of_record
TN:
SF:src\modules\cars\useCases\uploadCarImage\UploadCarImageUseCase.ts
FN:11,UploadCarImageUseCase
FN:15,Object.<anonymous>.UploadCarImageUseCase.execute
FNF:2
FNH:0
FNDA:0,UploadCarImageUseCase
FNDA:0,Object.<anonymous>.UploadCarImageUseCase.execute
DA:1,1
DA:2,1
DA:3,1
DA:4,1
DA:5,1
DA:6,1
DA:7,1
DA:8,1
DA:9,1
DA:10,1
DA:11,1
DA:12,0
DA:13,0
DA:14,0
DA:15,1
DA:16,0
DA:17,0
DA:18,0
DA:19,0
DA:20,1
DA:21,1
LF:21
LH:14
BRDA:10,0,0,1
BRF:1
BRH:1
end_of_record
TN:
SF:src\modules\rentals\useCases\CreateRentalController.ts
FN:5,CreateRentalController
FN:6,Object.<anonymous>.CreateRentalController.handle
FNF:2
FNH:1
FNDA:1,CreateRentalController
FNDA:0,Object.<anonymous>.CreateRentalController.handle
DA:1,1
DA:2,1
DA:3,1
DA:4,1
DA:5,1
DA:6,1
DA:7,0
DA:8,0
DA:9,0
DA:10,0
DA:11,0
DA:12,0
DA:13,0
DA:14,0
DA:15,0
DA:16,0
DA:17,0
DA:18,1
DA:19,1
DA:20,1
LF:20
LH:9
BRDA:5,0,0,1
BRDA:5,1,0,1
BRF:2
BRH:2
end_of_record
TN:
SF:src\modules\rentals\useCases\CreateRentalUseCase.ts
FN:24,CreateRentalUseCase
FN:33,Object.<anonymous>.CreateRentalUseCase.execute
FNF:2
FNH:0
FNDA:0,CreateRentalUseCase
FNDA:0,Object.<anonymous>.CreateRentalUseCase.execute
DA:1,1
DA:2,1
DA:3,1
DA:4,1
DA:5,1
DA:6,1
DA:7,1
DA:8,1
DA:9,1
DA:10,1
DA:11,1
DA:12,1
DA:13,1
DA:14,1
DA:15,1
DA:16,1
DA:17,1
DA:18,1
DA:19,1
DA:20,1
DA:21,1
DA:22,1
DA:23,1
DA:24,1
DA:25,0
DA:26,0
DA:27,0
DA:28,0
DA:29,0
DA:30,0
DA:31,0
DA:32,1
DA:33,1
DA:34,0
DA:35,0
DA:36,0
DA:37,0
DA:38,0
DA:39,0
DA:40,0
DA:41,0
DA:42,0
DA:43,0
DA:44,0
DA:45,0
DA:46,0
DA:47,0
DA:48,0
DA:49,0
DA:50,0
DA:51,0
DA:52,0
DA:53,0
DA:54,0
DA:55,0
DA:56,0
DA:57,0
DA:58,0
DA:59,0
DA:60,0
DA:61,0
DA:62,0
DA:63,0
DA:64,0
DA:65,0
DA:66,0
DA:67,0
DA:68,0
DA:69,0
DA:70,0
DA:71,0
DA:72,0
DA:73,0
DA:74,0
DA:75,1
DA:76,1
LF:76
LH:28
BRDA:23,0,0,1
BRF:1
BRH:1
end_of_record
